[2020-04-10 15:02:19.844] [exthost] [info] extension host started
[2020-04-10 15:02:19.883] [exthost] [info] ExtensionService#_doActivateExtension ms-vscode.cpptools {"startup":false,"extensionId":{"value":"ms-vscode.cpptools","_lower":"ms-vscode.cpptools"},"activationEvent":"onLanguage:cpp"}
[2020-04-10 15:02:19.885] [exthost] [info] ExtensionService#loadCommonJSModule file:///home/hrishi/.vscode-server/extensions/ms-vscode.cpptools-0.27.0/dist/main
[2020-04-10 15:02:19.964] [exthost] [info] ExtensionService#_doActivateExtension vscode.debug-auto-launch {"startup":true,"extensionId":{"value":"vscode.debug-auto-launch","_lower":"vscode.debug-auto-launch"},"activationEvent":"*"}
[2020-04-10 15:02:19.964] [exthost] [info] ExtensionService#loadCommonJSModule file:///home/hrishi/.vscode-server/bin/2aae1f26c72891c399f860409176fe435a154b13/extensions/debug-auto-launch/dist/extension
[2020-04-10 15:02:19.970] [exthost] [info] ExtensionService#_doActivateExtension vscode.emmet {"startup":true,"extensionId":{"value":"vscode.emmet","_lower":"vscode.emmet"},"activationEvent":"*"}
[2020-04-10 15:02:19.970] [exthost] [info] ExtensionService#loadCommonJSModule file:///home/hrishi/.vscode-server/bin/2aae1f26c72891c399f860409176fe435a154b13/extensions/emmet/dist/extension
[2020-04-10 15:02:19.997] [exthost] [info] ExtensionService#_doActivateExtension vscode.git {"startup":true,"extensionId":{"value":"vscode.git","_lower":"vscode.git"},"activationEvent":"*"}
[2020-04-10 15:02:19.997] [exthost] [info] ExtensionService#loadCommonJSModule file:///home/hrishi/.vscode-server/bin/2aae1f26c72891c399f860409176fe435a154b13/extensions/git/dist/main
[2020-04-10 15:02:20.038] [exthost] [info] ExtensionService#_doActivateExtension vscode.github-authentication {"startup":true,"extensionId":{"value":"vscode.github-authentication","_lower":"vscode.github-authentication"},"activationEvent":"*"}
[2020-04-10 15:02:20.038] [exthost] [info] ExtensionService#loadCommonJSModule file:///home/hrishi/.vscode-server/bin/2aae1f26c72891c399f860409176fe435a154b13/extensions/github-authentication/dist/extension.js
[2020-04-10 15:02:20.044] [exthost] [info] ExtensionService#_doActivateExtension vscode.merge-conflict {"startup":true,"extensionId":{"value":"vscode.merge-conflict","_lower":"vscode.merge-conflict"},"activationEvent":"*"}
[2020-04-10 15:02:20.044] [exthost] [info] ExtensionService#loadCommonJSModule file:///home/hrishi/.vscode-server/bin/2aae1f26c72891c399f860409176fe435a154b13/extensions/merge-conflict/dist/extension
[2020-04-10 15:02:20.047] [exthost] [info] ExtensionService#_doActivateExtension vscode.search-result {"startup":true,"extensionId":{"value":"vscode.search-result","_lower":"vscode.search-result"},"activationEvent":"*"}
[2020-04-10 15:02:20.047] [exthost] [info] ExtensionService#loadCommonJSModule file:///home/hrishi/.vscode-server/bin/2aae1f26c72891c399f860409176fe435a154b13/extensions/search-result/dist/extension.js
[2020-04-10 15:02:20.048] [exthost] [info] ExtensionService#_doActivateExtension vscode.vscode-account {"startup":true,"extensionId":{"value":"vscode.vscode-account","_lower":"vscode.vscode-account"},"activationEvent":"*"}
[2020-04-10 15:02:20.049] [exthost] [info] ExtensionService#loadCommonJSModule file:///home/hrishi/.vscode-server/bin/2aae1f26c72891c399f860409176fe435a154b13/extensions/vscode-account/dist/extension.js
[2020-04-10 15:02:20.072] [exthost] [info] eager extensions activated
[2020-04-10 15:04:39.904] [exthost] [warning] ms-vscode.cpptools - Code actions of kind 'quickfix 'requested but returned code action does not have a 'kind'. Code action will be dropped. Please set 'CodeAction.kind'.
[2020-04-10 15:04:39.904] [exthost] [warning] ms-vscode.cpptools - Code actions of kind 'quickfix 'requested but returned code action does not have a 'kind'. Code action will be dropped. Please set 'CodeAction.kind'.
[2020-04-10 15:04:39.904] [exthost] [warning] ms-vscode.cpptools - Code actions of kind 'quickfix 'requested but returned code action does not have a 'kind'. Code action will be dropped. Please set 'CodeAction.kind'.
[2020-04-10 15:04:52.104] [exthost] [warning] [Deprecation Warning] 'Webview vscode-resource: uris' is deprecated. Please migrate to use the 'webview.asWebviewUri' api instead: https://aka.ms/vscode-webview-use-aswebviewuri
[2020-04-10 15:04:52.216] [exthost] [info] ExtensionService#_doActivateExtension vscode.configuration-editing {"startup":false,"extensionId":{"value":"vscode.configuration-editing","_lower":"vscode.configuration-editing"},"activationEvent":"onLanguage:json"}
[2020-04-10 15:04:52.217] [exthost] [info] ExtensionService#loadCommonJSModule file:///home/hrishi/.vscode-server/bin/2aae1f26c72891c399f860409176fe435a154b13/extensions/configuration-editing/dist/extension
[2020-04-10 15:04:52.283] [exthost] [info] ExtensionService#_doActivateExtension vscode.extension-editing {"startup":false,"extensionId":{"value":"vscode.extension-editing","_lower":"vscode.extension-editing"},"activationEvent":"onLanguage:json"}
[2020-04-10 15:04:52.283] [exthost] [info] ExtensionService#loadCommonJSModule file:///home/hrishi/.vscode-server/bin/2aae1f26c72891c399f860409176fe435a154b13/extensions/extension-editing/dist/extension
[2020-04-10 15:04:52.474] [exthost] [info] ExtensionService#_doActivateExtension vscode.json-language-features {"startup":false,"extensionId":{"value":"vscode.json-language-features","_lower":"vscode.json-language-features"},"activationEvent":"onLanguage:json"}
[2020-04-10 15:04:52.474] [exthost] [info] ExtensionService#loadCommonJSModule file:///home/hrishi/.vscode-server/bin/2aae1f26c72891c399f860409176fe435a154b13/extensions/json-language-features/client/dist/jsonMain
[2020-04-10 15:04:52.662] [exthost] [info] ExtensionService#_doActivateExtension vscode.npm {"startup":false,"extensionId":{"value":"vscode.npm","_lower":"vscode.npm"},"activationEvent":"onLanguage:json"}
[2020-04-10 15:04:52.662] [exthost] [info] ExtensionService#loadCommonJSModule file:///home/hrishi/.vscode-server/bin/2aae1f26c72891c399f860409176fe435a154b13/extensions/npm/dist/main
[2020-04-10 15:05:58.707] [exthost] [warning] ms-vscode.cpptools - Code actions of kind 'quickfix 'requested but returned code action does not have a 'kind'. Code action will be dropped. Please set 'CodeAction.kind'.
[2020-04-10 15:05:58.707] [exthost] [warning] ms-vscode.cpptools - Code actions of kind 'quickfix 'requested but returned code action does not have a 'kind'. Code action will be dropped. Please set 'CodeAction.kind'.
[2020-04-10 15:05:58.707] [exthost] [warning] ms-vscode.cpptools - Code actions of kind 'quickfix 'requested but returned code action does not have a 'kind'. Code action will be dropped. Please set 'CodeAction.kind'.
[2020-04-10 15:06:05.945] [exthost] [warning] ms-vscode.cpptools - Code actions of kind 'quickfix 'requested but returned code action does not have a 'kind'. Code action will be dropped. Please set 'CodeAction.kind'.
[2020-04-10 15:06:22.658] [exthost] [warning] ms-vscode.cpptools - Code actions of kind 'quickfix 'requested but returned code action does not have a 'kind'. Code action will be dropped. Please set 'CodeAction.kind'.
[2020-04-10 15:06:26.988] [exthost] [warning] ms-vscode.cpptools - Code actions of kind 'quickfix 'requested but returned code action does not have a 'kind'. Code action will be dropped. Please set 'CodeAction.kind'.
[2020-04-10 15:07:13.936] [exthost] [warning] ms-vscode.cpptools - Code actions of kind 'quickfix 'requested but returned code action does not have a 'kind'. Code action will be dropped. Please set 'CodeAction.kind'.
[2020-04-10 15:47:21.536] [exthost] [warning] ms-vscode.cpptools - Code actions of kind 'quickfix 'requested but returned code action does not have a 'kind'. Code action will be dropped. Please set 'CodeAction.kind'.
[2020-04-10 15:47:22.935] [exthost] [warning] ms-vscode.cpptools - Code actions of kind 'quickfix 'requested but returned code action does not have a 'kind'. Code action will be dropped. Please set 'CodeAction.kind'.
[2020-04-10 15:47:45.091] [exthost] [warning] ms-vscode.cpptools - Code actions of kind 'quickfix 'requested but returned code action does not have a 'kind'. Code action will be dropped. Please set 'CodeAction.kind'.
[2020-04-10 15:47:57.419] [exthost] [warning] ms-vscode.cpptools - Code actions of kind 'quickfix 'requested but returned code action does not have a 'kind'. Code action will be dropped. Please set 'CodeAction.kind'.
[2020-04-10 15:48:28.352] [exthost] [warning] ms-vscode.cpptools - Code actions of kind 'quickfix 'requested but returned code action does not have a 'kind'. Code action will be dropped. Please set 'CodeAction.kind'.
[2020-04-10 15:48:28.363] [exthost] [warning] ms-vscode.cpptools - Code actions of kind 'quickfix 'requested but returned code action does not have a 'kind'. Code action will be dropped. Please set 'CodeAction.kind'.
[2020-04-10 15:53:31.815] [exthost] [warning] ms-vscode.cpptools - Code actions of kind 'quickfix 'requested but returned code action does not have a 'kind'. Code action will be dropped. Please set 'CodeAction.kind'.
[2020-04-10 15:53:57.545] [exthost] [warning] ms-vscode.cpptools - Code actions of kind 'quickfix 'requested but returned code action does not have a 'kind'. Code action will be dropped. Please set 'CodeAction.kind'.
[2020-04-10 15:53:57.891] [exthost] [warning] ms-vscode.cpptools - Code actions of kind 'quickfix 'requested but returned code action does not have a 'kind'. Code action will be dropped. Please set 'CodeAction.kind'.
[2020-04-10 15:54:10.646] [exthost] [warning] ms-vscode.cpptools - Code actions of kind 'quickfix 'requested but returned code action does not have a 'kind'. Code action will be dropped. Please set 'CodeAction.kind'.
[2020-04-10 15:55:42.997] [exthost] [warning] ms-vscode.cpptools - Code actions of kind 'quickfix 'requested but returned code action does not have a 'kind'. Code action will be dropped. Please set 'CodeAction.kind'.
[2020-04-10 15:55:42.997] [exthost] [warning] ms-vscode.cpptools - Code actions of kind 'quickfix 'requested but returned code action does not have a 'kind'. Code action will be dropped. Please set 'CodeAction.kind'.
[2020-04-10 15:55:57.815] [exthost] [warning] ms-vscode.cpptools - Code actions of kind 'quickfix 'requested but returned code action does not have a 'kind'. Code action will be dropped. Please set 'CodeAction.kind'.
[2020-04-10 15:56:02.257] [exthost] [warning] ms-vscode.cpptools - Code actions of kind 'quickfix 'requested but returned code action does not have a 'kind'. Code action will be dropped. Please set 'CodeAction.kind'.
[2020-04-10 15:56:04.901] [exthost] [warning] ms-vscode.cpptools - Code actions of kind 'quickfix 'requested but returned code action does not have a 'kind'. Code action will be dropped. Please set 'CodeAction.kind'.
[2020-04-10 15:56:58.472] [exthost] [warning] ms-vscode.cpptools - Code actions of kind 'quickfix 'requested but returned code action does not have a 'kind'. Code action will be dropped. Please set 'CodeAction.kind'.
[2020-04-10 15:57:03.407] [exthost] [warning] ms-vscode.cpptools - Code actions of kind 'quickfix 'requested but returned code action does not have a 'kind'. Code action will be dropped. Please set 'CodeAction.kind'.
[2020-04-10 16:05:35.557] [exthost] [warning] ms-vscode.cpptools - Code actions of kind 'quickfix 'requested but returned code action does not have a 'kind'. Code action will be dropped. Please set 'CodeAction.kind'.
[2020-04-10 16:05:35.557] [exthost] [warning] ms-vscode.cpptools - Code actions of kind 'quickfix 'requested but returned code action does not have a 'kind'. Code action will be dropped. Please set 'CodeAction.kind'.
[2020-04-10 16:05:45.813] [exthost] [warning] ms-vscode.cpptools - Code actions of kind 'quickfix 'requested but returned code action does not have a 'kind'. Code action will be dropped. Please set 'CodeAction.kind'.
[2020-04-10 16:11:49.668] [exthost] [warning] ms-vscode.cpptools - Code actions of kind 'quickfix 'requested but returned code action does not have a 'kind'. Code action will be dropped. Please set 'CodeAction.kind'.
[2020-04-10 16:11:49.668] [exthost] [warning] ms-vscode.cpptools - Code actions of kind 'quickfix 'requested but returned code action does not have a 'kind'. Code action will be dropped. Please set 'CodeAction.kind'.
[2020-04-10 16:13:03.462] [exthost] [warning] ms-vscode.cpptools - Code actions of kind 'quickfix 'requested but returned code action does not have a 'kind'. Code action will be dropped. Please set 'CodeAction.kind'.
[2020-04-10 16:13:03.472] [exthost] [warning] ms-vscode.cpptools - Code actions of kind 'quickfix 'requested but returned code action does not have a 'kind'. Code action will be dropped. Please set 'CodeAction.kind'.
[2020-04-10 16:15:45.648] [exthost] [warning] ms-vscode.cpptools - Code actions of kind 'quickfix 'requested but returned code action does not have a 'kind'. Code action will be dropped. Please set 'CodeAction.kind'.
[2020-04-10 16:15:45.648] [exthost] [warning] ms-vscode.cpptools - Code actions of kind 'quickfix 'requested but returned code action does not have a 'kind'. Code action will be dropped. Please set 'CodeAction.kind'.
[2020-04-10 16:15:45.652] [exthost] [warning] ms-vscode.cpptools - Code actions of kind 'quickfix 'requested but returned code action does not have a 'kind'. Code action will be dropped. Please set 'CodeAction.kind'.
[2020-04-10 16:15:45.652] [exthost] [warning] ms-vscode.cpptools - Code actions of kind 'quickfix 'requested but returned code action does not have a 'kind'. Code action will be dropped. Please set 'CodeAction.kind'.
[2020-04-10 16:16:01.906] [exthost] [warning] ms-vscode.cpptools - Code actions of kind 'quickfix 'requested but returned code action does not have a 'kind'. Code action will be dropped. Please set 'CodeAction.kind'.
[2020-04-10 16:16:02.931] [exthost] [warning] ms-vscode.cpptools - Code actions of kind 'quickfix 'requested but returned code action does not have a 'kind'. Code action will be dropped. Please set 'CodeAction.kind'.
[2020-04-10 16:16:18.449] [exthost] [warning] ms-vscode.cpptools - Code actions of kind 'quickfix 'requested but returned code action does not have a 'kind'. Code action will be dropped. Please set 'CodeAction.kind'.
[2020-04-10 16:16:18.449] [exthost] [warning] ms-vscode.cpptools - Code actions of kind 'quickfix 'requested but returned code action does not have a 'kind'. Code action will be dropped. Please set 'CodeAction.kind'.
[2020-04-10 16:16:21.119] [exthost] [warning] ms-vscode.cpptools - Code actions of kind 'quickfix 'requested but returned code action does not have a 'kind'. Code action will be dropped. Please set 'CodeAction.kind'.
[2020-04-10 16:16:21.130] [exthost] [warning] ms-vscode.cpptools - Code actions of kind 'quickfix 'requested but returned code action does not have a 'kind'. Code action will be dropped. Please set 'CodeAction.kind'.
[2020-04-10 16:16:25.462] [exthost] [warning] ms-vscode.cpptools - Code actions of kind 'quickfix 'requested but returned code action does not have a 'kind'. Code action will be dropped. Please set 'CodeAction.kind'.
[2020-04-10 16:16:25.462] [exthost] [warning] ms-vscode.cpptools - Code actions of kind 'quickfix 'requested but returned code action does not have a 'kind'. Code action will be dropped. Please set 'CodeAction.kind'.
[2020-04-10 16:21:21.066] [exthost] [warning] ms-vscode.cpptools - Code actions of kind 'quickfix 'requested but returned code action does not have a 'kind'. Code action will be dropped. Please set 'CodeAction.kind'.
[2020-04-10 16:21:21.066] [exthost] [warning] ms-vscode.cpptools - Code actions of kind 'quickfix 'requested but returned code action does not have a 'kind'. Code action will be dropped. Please set 'CodeAction.kind'.
[2020-04-10 16:31:25.511] [exthost] [warning] ms-vscode.cpptools - Code actions of kind 'quickfix 'requested but returned code action does not have a 'kind'. Code action will be dropped. Please set 'CodeAction.kind'.
[2020-04-10 16:38:34.781] [exthost] [warning] ms-vscode.cpptools - Code actions of kind 'quickfix 'requested but returned code action does not have a 'kind'. Code action will be dropped. Please set 'CodeAction.kind'.
[2020-04-10 16:38:36.956] [exthost] [warning] ms-vscode.cpptools - Code actions of kind 'quickfix 'requested but returned code action does not have a 'kind'. Code action will be dropped. Please set 'CodeAction.kind'.
[2020-04-10 16:38:44.513] [exthost] [warning] ms-vscode.cpptools - Code actions of kind 'quickfix 'requested but returned code action does not have a 'kind'. Code action will be dropped. Please set 'CodeAction.kind'.
[2020-04-10 16:38:44.513] [exthost] [warning] ms-vscode.cpptools - Code actions of kind 'quickfix 'requested but returned code action does not have a 'kind'. Code action will be dropped. Please set 'CodeAction.kind'.
[2020-04-10 16:41:00.481] [exthost] [warning] ms-vscode.cpptools - Code actions of kind 'quickfix 'requested but returned code action does not have a 'kind'. Code action will be dropped. Please set 'CodeAction.kind'.
[2020-04-10 16:41:02.097] [exthost] [warning] ms-vscode.cpptools - Code actions of kind 'quickfix 'requested but returned code action does not have a 'kind'. Code action will be dropped. Please set 'CodeAction.kind'.
[2020-04-10 16:41:02.097] [exthost] [warning] ms-vscode.cpptools - Code actions of kind 'quickfix 'requested but returned code action does not have a 'kind'. Code action will be dropped. Please set 'CodeAction.kind'.
[2020-04-10 16:43:08.689] [exthost] [warning] ms-vscode.cpptools - Code actions of kind 'quickfix 'requested but returned code action does not have a 'kind'. Code action will be dropped. Please set 'CodeAction.kind'.
[2020-04-10 16:43:08.689] [exthost] [warning] ms-vscode.cpptools - Code actions of kind 'quickfix 'requested but returned code action does not have a 'kind'. Code action will be dropped. Please set 'CodeAction.kind'.
[2020-04-10 16:44:05.120] [exthost] [warning] ms-vscode.cpptools - Code actions of kind 'quickfix 'requested but returned code action does not have a 'kind'. Code action will be dropped. Please set 'CodeAction.kind'.
[2020-04-10 16:44:05.120] [exthost] [warning] ms-vscode.cpptools - Code actions of kind 'quickfix 'requested but returned code action does not have a 'kind'. Code action will be dropped. Please set 'CodeAction.kind'.
[2020-04-10 16:44:08.257] [exthost] [warning] ms-vscode.cpptools - Code actions of kind 'quickfix 'requested but returned code action does not have a 'kind'. Code action will be dropped. Please set 'CodeAction.kind'.
[2020-04-10 16:44:08.257] [exthost] [warning] ms-vscode.cpptools - Code actions of kind 'quickfix 'requested but returned code action does not have a 'kind'. Code action will be dropped. Please set 'CodeAction.kind'.
[2020-04-10 16:44:15.118] [exthost] [warning] ms-vscode.cpptools - Code actions of kind 'quickfix 'requested but returned code action does not have a 'kind'. Code action will be dropped. Please set 'CodeAction.kind'.
[2020-04-10 16:44:15.118] [exthost] [warning] ms-vscode.cpptools - Code actions of kind 'quickfix 'requested but returned code action does not have a 'kind'. Code action will be dropped. Please set 'CodeAction.kind'.
[2020-04-10 16:45:27.376] [exthost] [warning] ms-vscode.cpptools - Code actions of kind 'quickfix 'requested but returned code action does not have a 'kind'. Code action will be dropped. Please set 'CodeAction.kind'.
[2020-04-10 17:50:12.877] [exthost] [warning] ms-vscode.cpptools - Code actions of kind 'quickfix 'requested but returned code action does not have a 'kind'. Code action will be dropped. Please set 'CodeAction.kind'.
[2020-04-10 17:50:12.877] [exthost] [warning] ms-vscode.cpptools - Code actions of kind 'quickfix 'requested but returned code action does not have a 'kind'. Code action will be dropped. Please set 'CodeAction.kind'.
[2020-04-10 18:07:02.717] [exthost] [warning] ms-vscode.cpptools - Code actions of kind 'quickfix 'requested but returned code action does not have a 'kind'. Code action will be dropped. Please set 'CodeAction.kind'.
[2020-04-10 18:07:25.174] [exthost] [warning] ms-vscode.cpptools - Code actions of kind 'quickfix 'requested but returned code action does not have a 'kind'. Code action will be dropped. Please set 'CodeAction.kind'.
[2020-04-10 18:10:47.582] [exthost] [warning] ms-vscode.cpptools - Code actions of kind 'quickfix 'requested but returned code action does not have a 'kind'. Code action will be dropped. Please set 'CodeAction.kind'.
[2020-04-10 18:11:09.807] [exthost] [warning] ms-vscode.cpptools - Code actions of kind 'quickfix 'requested but returned code action does not have a 'kind'. Code action will be dropped. Please set 'CodeAction.kind'.
[2020-04-10 18:11:47.627] [exthost] [warning] ms-vscode.cpptools - Code actions of kind 'quickfix 'requested but returned code action does not have a 'kind'. Code action will be dropped. Please set 'CodeAction.kind'.
[2020-04-10 18:37:45.696] [exthost] [warning] ms-vscode.cpptools - Code actions of kind 'quickfix 'requested but returned code action does not have a 'kind'. Code action will be dropped. Please set 'CodeAction.kind'.
[2020-04-10 18:37:53.587] [exthost] [warning] ms-vscode.cpptools - Code actions of kind 'quickfix 'requested but returned code action does not have a 'kind'. Code action will be dropped. Please set 'CodeAction.kind'.
[2020-04-10 18:42:24.685] [exthost] [warning] ms-vscode.cpptools - Code actions of kind 'quickfix 'requested but returned code action does not have a 'kind'. Code action will be dropped. Please set 'CodeAction.kind'.
[2020-04-10 18:43:06.394] [exthost] [warning] ms-vscode.cpptools - Code actions of kind 'quickfix 'requested but returned code action does not have a 'kind'. Code action will be dropped. Please set 'CodeAction.kind'.
[2020-04-10 18:43:22.453] [exthost] [warning] ms-vscode.cpptools - Code actions of kind 'quickfix 'requested but returned code action does not have a 'kind'. Code action will be dropped. Please set 'CodeAction.kind'.
[2020-04-10 18:43:48.712] [exthost] [warning] ms-vscode.cpptools - Code actions of kind 'quickfix 'requested but returned code action does not have a 'kind'. Code action will be dropped. Please set 'CodeAction.kind'.
[2020-04-10 18:44:39.152] [exthost] [warning] ms-vscode.cpptools - Code actions of kind 'quickfix 'requested but returned code action does not have a 'kind'. Code action will be dropped. Please set 'CodeAction.kind'.
[2020-04-10 18:45:21.752] [exthost] [error] [ms-vscode.cpptools] provider FAILED
[2020-04-10 18:45:21.754] [exthost] [error] Error: DisposableStore is missing...
	at U._convertCompletionItem (/home/hrishi/.vscode-server/bin/2aae1f26c72891c399f860409176fe435a154b13/out/vs/server/remoteExtensionHostProcess.js:658:986)
	at /home/hrishi/.vscode-server/bin/2aae1f26c72891c399f860409176fe435a154b13/out/vs/server/remoteExtensionHostProcess.js:658:764
[2020-04-10 18:45:21.756] [exthost] [error] [ms-vscode.cpptools] provider FAILED
[2020-04-10 18:45:21.756] [exthost] [error] Error: DisposableStore is missing...
	at U._convertCompletionItem (/home/hrishi/.vscode-server/bin/2aae1f26c72891c399f860409176fe435a154b13/out/vs/server/remoteExtensionHostProcess.js:658:986)
	at /home/hrishi/.vscode-server/bin/2aae1f26c72891c399f860409176fe435a154b13/out/vs/server/remoteExtensionHostProcess.js:658:764
	at runNextTicks (internal/process/task_queues.js:55:5)
	at processImmediate (internal/timers.js:412:9)
[2020-04-10 18:45:37.431] [exthost] [warning] ms-vscode.cpptools - Code actions of kind 'quickfix 'requested but returned code action does not have a 'kind'. Code action will be dropped. Please set 'CodeAction.kind'.
[2020-04-10 18:45:40.149] [exthost] [warning] ms-vscode.cpptools - Code actions of kind 'quickfix 'requested but returned code action does not have a 'kind'. Code action will be dropped. Please set 'CodeAction.kind'.
[2020-04-10 18:47:38.863] [exthost] [warning] ms-vscode.cpptools - Code actions of kind 'quickfix 'requested but returned code action does not have a 'kind'. Code action will be dropped. Please set 'CodeAction.kind'.
[2020-04-10 18:48:43.977] [exthost] [warning] ms-vscode.cpptools - Code actions of kind 'quickfix 'requested but returned code action does not have a 'kind'. Code action will be dropped. Please set 'CodeAction.kind'.
[2020-04-10 18:48:51.618] [exthost] [warning] ms-vscode.cpptools - Code actions of kind 'quickfix 'requested but returned code action does not have a 'kind'. Code action will be dropped. Please set 'CodeAction.kind'.
[2020-04-10 18:49:02.153] [exthost] [warning] ms-vscode.cpptools - Code actions of kind 'quickfix 'requested but returned code action does not have a 'kind'. Code action will be dropped. Please set 'CodeAction.kind'.
[2020-04-10 18:49:03.731] [exthost] [warning] ms-vscode.cpptools - Code actions of kind 'quickfix 'requested but returned code action does not have a 'kind'. Code action will be dropped. Please set 'CodeAction.kind'.
[2020-04-10 18:49:21.638] [exthost] [warning] ms-vscode.cpptools - Code actions of kind 'quickfix 'requested but returned code action does not have a 'kind'. Code action will be dropped. Please set 'CodeAction.kind'.
[2020-04-10 18:49:22.654] [exthost] [warning] ms-vscode.cpptools - Code actions of kind 'quickfix 'requested but returned code action does not have a 'kind'. Code action will be dropped. Please set 'CodeAction.kind'.
[2020-04-10 18:49:23.536] [exthost] [warning] ms-vscode.cpptools - Code actions of kind 'quickfix 'requested but returned code action does not have a 'kind'. Code action will be dropped. Please set 'CodeAction.kind'.
[2020-04-10 18:49:23.837] [exthost] [warning] ms-vscode.cpptools - Code actions of kind 'quickfix 'requested but returned code action does not have a 'kind'. Code action will be dropped. Please set 'CodeAction.kind'.
[2020-04-10 18:49:23.946] [exthost] [warning] ms-vscode.cpptools - Code actions of kind 'quickfix 'requested but returned code action does not have a 'kind'. Code action will be dropped. Please set 'CodeAction.kind'.
[2020-04-10 18:49:26.417] [exthost] [warning] ms-vscode.cpptools - Code actions of kind 'quickfix 'requested but returned code action does not have a 'kind'. Code action will be dropped. Please set 'CodeAction.kind'.
[2020-04-10 18:49:43.221] [exthost] [warning] ms-vscode.cpptools - Code actions of kind 'quickfix 'requested but returned code action does not have a 'kind'. Code action will be dropped. Please set 'CodeAction.kind'.
[2020-04-10 18:51:09.174] [exthost] [warning] ms-vscode.cpptools - Code actions of kind 'quickfix 'requested but returned code action does not have a 'kind'. Code action will be dropped. Please set 'CodeAction.kind'.
[2020-04-10 18:51:09.174] [exthost] [warning] ms-vscode.cpptools - Code actions of kind 'quickfix 'requested but returned code action does not have a 'kind'. Code action will be dropped. Please set 'CodeAction.kind'.
[2020-04-10 18:52:13.130] [exthost] [warning] ms-vscode.cpptools - Code actions of kind 'quickfix 'requested but returned code action does not have a 'kind'. Code action will be dropped. Please set 'CodeAction.kind'.
[2020-04-10 18:52:13.455] [exthost] [warning] ms-vscode.cpptools - Code actions of kind 'quickfix 'requested but returned code action does not have a 'kind'. Code action will be dropped. Please set 'CodeAction.kind'.
[2020-04-10 18:53:22.766] [exthost] [warning] ms-vscode.cpptools - Code actions of kind 'quickfix 'requested but returned code action does not have a 'kind'. Code action will be dropped. Please set 'CodeAction.kind'.
[2020-04-10 18:55:03.352] [exthost] [warning] ms-vscode.cpptools - Code actions of kind 'quickfix 'requested but returned code action does not have a 'kind'. Code action will be dropped. Please set 'CodeAction.kind'.
[2020-04-10 18:55:17.646] [exthost] [warning] ms-vscode.cpptools - Code actions of kind 'quickfix 'requested but returned code action does not have a 'kind'. Code action will be dropped. Please set 'CodeAction.kind'.
[2020-04-10 18:55:24.190] [exthost] [warning] ms-vscode.cpptools - Code actions of kind 'quickfix 'requested but returned code action does not have a 'kind'. Code action will be dropped. Please set 'CodeAction.kind'.
[2020-04-10 18:55:48.791] [exthost] [warning] ms-vscode.cpptools - Code actions of kind 'quickfix 'requested but returned code action does not have a 'kind'. Code action will be dropped. Please set 'CodeAction.kind'.
[2020-04-10 18:56:16.529] [exthost] [warning] ms-vscode.cpptools - Code actions of kind 'quickfix 'requested but returned code action does not have a 'kind'. Code action will be dropped. Please set 'CodeAction.kind'.
[2020-04-10 18:56:22.500] [exthost] [warning] ms-vscode.cpptools - Code actions of kind 'quickfix 'requested but returned code action does not have a 'kind'. Code action will be dropped. Please set 'CodeAction.kind'.
[2020-04-10 18:56:22.500] [exthost] [warning] ms-vscode.cpptools - Code actions of kind 'quickfix 'requested but returned code action does not have a 'kind'. Code action will be dropped. Please set 'CodeAction.kind'.
[2020-04-10 18:56:27.668] [exthost] [warning] ms-vscode.cpptools - Code actions of kind 'quickfix 'requested but returned code action does not have a 'kind'. Code action will be dropped. Please set 'CodeAction.kind'.
[2020-04-10 18:56:28.692] [exthost] [warning] ms-vscode.cpptools - Code actions of kind 'quickfix 'requested but returned code action does not have a 'kind'. Code action will be dropped. Please set 'CodeAction.kind'.
[2020-04-10 18:57:30.760] [exthost] [warning] ms-vscode.cpptools - Code actions of kind 'quickfix 'requested but returned code action does not have a 'kind'. Code action will be dropped. Please set 'CodeAction.kind'.
[2020-04-10 19:02:46.594] [exthost] [warning] ms-vscode.cpptools - Code actions of kind 'quickfix 'requested but returned code action does not have a 'kind'. Code action will be dropped. Please set 'CodeAction.kind'.
[2020-04-10 19:09:11.649] [exthost] [warning] ms-vscode.cpptools - Code actions of kind 'quickfix 'requested but returned code action does not have a 'kind'. Code action will be dropped. Please set 'CodeAction.kind'.
[2020-04-10 19:09:26.232] [exthost] [warning] ms-vscode.cpptools - Code actions of kind 'quickfix 'requested but returned code action does not have a 'kind'. Code action will be dropped. Please set 'CodeAction.kind'.
[2020-04-10 19:09:28.964] [exthost] [warning] ms-vscode.cpptools - Code actions of kind 'quickfix 'requested but returned code action does not have a 'kind'. Code action will be dropped. Please set 'CodeAction.kind'.
[2020-04-10 19:10:46.416] [exthost] [warning] ms-vscode.cpptools - Code actions of kind 'quickfix 'requested but returned code action does not have a 'kind'. Code action will be dropped. Please set 'CodeAction.kind'.
[2020-04-10 19:15:48.000] [exthost] [warning] ms-vscode.cpptools - Code actions of kind 'quickfix 'requested but returned code action does not have a 'kind'. Code action will be dropped. Please set 'CodeAction.kind'.
[2020-04-10 19:21:20.486] [exthost] [error] [ms-vscode.cpptools] provider FAILED
[2020-04-10 19:21:20.486] [exthost] [error] Error: DisposableStore is missing...
	at U._convertCompletionItem (/home/hrishi/.vscode-server/bin/2aae1f26c72891c399f860409176fe435a154b13/out/vs/server/remoteExtensionHostProcess.js:658:986)
	at /home/hrishi/.vscode-server/bin/2aae1f26c72891c399f860409176fe435a154b13/out/vs/server/remoteExtensionHostProcess.js:658:764
[2020-04-10 19:21:20.488] [exthost] [error] [ms-vscode.cpptools] provider FAILED
[2020-04-10 19:21:20.489] [exthost] [error] Error: DisposableStore is missing...
	at U._convertCompletionItem (/home/hrishi/.vscode-server/bin/2aae1f26c72891c399f860409176fe435a154b13/out/vs/server/remoteExtensionHostProcess.js:658:986)
	at /home/hrishi/.vscode-server/bin/2aae1f26c72891c399f860409176fe435a154b13/out/vs/server/remoteExtensionHostProcess.js:658:764
	at runNextTicks (internal/process/task_queues.js:55:5)
	at processImmediate (internal/timers.js:412:9)
[2020-04-10 19:23:17.842] [exthost] [warning] ms-vscode.cpptools - Code actions of kind 'quickfix 'requested but returned code action does not have a 'kind'. Code action will be dropped. Please set 'CodeAction.kind'.
[2020-04-10 19:23:22.095] [exthost] [warning] ms-vscode.cpptools - Code actions of kind 'quickfix 'requested but returned code action does not have a 'kind'. Code action will be dropped. Please set 'CodeAction.kind'.
[2020-04-10 19:25:43.311] [exthost] [warning] ms-vscode.cpptools - Code actions of kind 'quickfix 'requested but returned code action does not have a 'kind'. Code action will be dropped. Please set 'CodeAction.kind'.
[2020-04-10 19:28:20.845] [exthost] [warning] ms-vscode.cpptools - Code actions of kind 'quickfix 'requested but returned code action does not have a 'kind'. Code action will be dropped. Please set 'CodeAction.kind'.
[2020-04-10 19:28:20.845] [exthost] [warning] ms-vscode.cpptools - Code actions of kind 'quickfix 'requested but returned code action does not have a 'kind'. Code action will be dropped. Please set 'CodeAction.kind'.
[2020-04-10 19:28:57.184] [exthost] [warning] ms-vscode.cpptools - Code actions of kind 'quickfix 'requested but returned code action does not have a 'kind'. Code action will be dropped. Please set 'CodeAction.kind'.
[2020-04-10 19:28:57.184] [exthost] [warning] ms-vscode.cpptools - Code actions of kind 'quickfix 'requested but returned code action does not have a 'kind'. Code action will be dropped. Please set 'CodeAction.kind'.
[2020-04-10 19:56:23.640] [exthost] [warning] ms-vscode.cpptools - Code actions of kind 'quickfix 'requested but returned code action does not have a 'kind'. Code action will be dropped. Please set 'CodeAction.kind'.
[2020-04-10 19:56:24.585] [exthost] [warning] ms-vscode.cpptools - Code actions of kind 'quickfix 'requested but returned code action does not have a 'kind'. Code action will be dropped. Please set 'CodeAction.kind'.
[2020-04-10 19:56:27.943] [exthost] [warning] ms-vscode.cpptools - Code actions of kind 'quickfix 'requested but returned code action does not have a 'kind'. Code action will be dropped. Please set 'CodeAction.kind'.
[2020-04-10 19:56:28.260] [exthost] [warning] ms-vscode.cpptools - Code actions of kind 'quickfix 'requested but returned code action does not have a 'kind'. Code action will be dropped. Please set 'CodeAction.kind'.
[2020-04-10 20:00:08.712] [exthost] [warning] ms-vscode.cpptools - Code actions of kind 'quickfix 'requested but returned code action does not have a 'kind'. Code action will be dropped. Please set 'CodeAction.kind'.
[2020-04-10 20:00:11.405] [exthost] [warning] ms-vscode.cpptools - Code actions of kind 'quickfix 'requested but returned code action does not have a 'kind'. Code action will be dropped. Please set 'CodeAction.kind'.
[2020-04-10 20:00:24.753] [exthost] [warning] ms-vscode.cpptools - Code actions of kind 'quickfix 'requested but returned code action does not have a 'kind'. Code action will be dropped. Please set 'CodeAction.kind'.
[2020-04-10 20:00:33.405] [exthost] [warning] ms-vscode.cpptools - Code actions of kind 'quickfix 'requested but returned code action does not have a 'kind'. Code action will be dropped. Please set 'CodeAction.kind'.
[2020-04-10 20:00:33.405] [exthost] [warning] ms-vscode.cpptools - Code actions of kind 'quickfix 'requested but returned code action does not have a 'kind'. Code action will be dropped. Please set 'CodeAction.kind'.
[2020-04-10 20:00:42.901] [exthost] [warning] ms-vscode.cpptools - Code actions of kind 'quickfix 'requested but returned code action does not have a 'kind'. Code action will be dropped. Please set 'CodeAction.kind'.
[2020-04-10 20:00:42.901] [exthost] [warning] ms-vscode.cpptools - Code actions of kind 'quickfix 'requested but returned code action does not have a 'kind'. Code action will be dropped. Please set 'CodeAction.kind'.
[2020-04-10 20:01:08.590] [exthost] [warning] ms-vscode.cpptools - Code actions of kind 'quickfix 'requested but returned code action does not have a 'kind'. Code action will be dropped. Please set 'CodeAction.kind'.
[2020-04-10 20:01:08.590] [exthost] [warning] ms-vscode.cpptools - Code actions of kind 'quickfix 'requested but returned code action does not have a 'kind'. Code action will be dropped. Please set 'CodeAction.kind'.
[2020-04-10 20:02:08.680] [exthost] [warning] ms-vscode.cpptools - Code actions of kind 'quickfix 'requested but returned code action does not have a 'kind'. Code action will be dropped. Please set 'CodeAction.kind'.
[2020-04-10 20:02:08.680] [exthost] [warning] ms-vscode.cpptools - Code actions of kind 'quickfix 'requested but returned code action does not have a 'kind'. Code action will be dropped. Please set 'CodeAction.kind'.
[2020-04-10 20:02:13.428] [exthost] [warning] ms-vscode.cpptools - Code actions of kind 'quickfix 'requested but returned code action does not have a 'kind'. Code action will be dropped. Please set 'CodeAction.kind'.
[2020-04-10 20:02:13.428] [exthost] [warning] ms-vscode.cpptools - Code actions of kind 'quickfix 'requested but returned code action does not have a 'kind'. Code action will be dropped. Please set 'CodeAction.kind'.
[2020-04-10 20:06:09.988] [exthost] [warning] ms-vscode.cpptools - Code actions of kind 'quickfix 'requested but returned code action does not have a 'kind'. Code action will be dropped. Please set 'CodeAction.kind'.
[2020-04-10 20:06:09.997] [exthost] [warning] ms-vscode.cpptools - Code actions of kind 'quickfix 'requested but returned code action does not have a 'kind'. Code action will be dropped. Please set 'CodeAction.kind'.
[2020-04-10 20:06:18.684] [exthost] [warning] ms-vscode.cpptools - Code actions of kind 'quickfix 'requested but returned code action does not have a 'kind'. Code action will be dropped. Please set 'CodeAction.kind'.
[2020-04-10 20:06:19.259] [exthost] [warning] ms-vscode.cpptools - Code actions of kind 'quickfix 'requested but returned code action does not have a 'kind'. Code action will be dropped. Please set 'CodeAction.kind'.
[2020-04-10 20:06:38.015] [exthost] [warning] ms-vscode.cpptools - Code actions of kind 'quickfix 'requested but returned code action does not have a 'kind'. Code action will be dropped. Please set 'CodeAction.kind'.
[2020-04-10 20:09:03.191] [exthost] [warning] ms-vscode.cpptools - Code actions of kind 'quickfix 'requested but returned code action does not have a 'kind'. Code action will be dropped. Please set 'CodeAction.kind'.
[2020-04-10 20:17:01.060] [exthost] [warning] ms-vscode.cpptools - Code actions of kind 'quickfix 'requested but returned code action does not have a 'kind'. Code action will be dropped. Please set 'CodeAction.kind'.
[2020-04-10 20:18:04.938] [exthost] [warning] ms-vscode.cpptools - Code actions of kind 'quickfix 'requested but returned code action does not have a 'kind'. Code action will be dropped. Please set 'CodeAction.kind'.
[2020-04-10 20:18:23.294] [exthost] [error] [ms-vscode.cpptools] provider FAILED
[2020-04-10 20:18:23.295] [exthost] [error] Error: DisposableStore is missing...
	at U._convertCompletionItem (/home/hrishi/.vscode-server/bin/2aae1f26c72891c399f860409176fe435a154b13/out/vs/server/remoteExtensionHostProcess.js:658:986)
	at /home/hrishi/.vscode-server/bin/2aae1f26c72891c399f860409176fe435a154b13/out/vs/server/remoteExtensionHostProcess.js:658:764
[2020-04-10 20:18:23.297] [exthost] [error] [ms-vscode.cpptools] provider FAILED
[2020-04-10 20:18:23.297] [exthost] [error] Error: DisposableStore is missing...
	at U._convertCompletionItem (/home/hrishi/.vscode-server/bin/2aae1f26c72891c399f860409176fe435a154b13/out/vs/server/remoteExtensionHostProcess.js:658:986)
	at /home/hrishi/.vscode-server/bin/2aae1f26c72891c399f860409176fe435a154b13/out/vs/server/remoteExtensionHostProcess.js:658:764
[2020-04-10 21:10:43.915] [exthost] [warning] ms-vscode.cpptools - Code actions of kind 'quickfix 'requested but returned code action does not have a 'kind'. Code action will be dropped. Please set 'CodeAction.kind'.
[2020-04-10 21:10:43.918] [exthost] [warning] ms-vscode.cpptools - Code actions of kind 'quickfix 'requested but returned code action does not have a 'kind'. Code action will be dropped. Please set 'CodeAction.kind'.
[2020-04-10 21:12:19.436] [exthost] [warning] ms-vscode.cpptools - Code actions of kind 'quickfix 'requested but returned code action does not have a 'kind'. Code action will be dropped. Please set 'CodeAction.kind'.
[2020-04-10 21:12:25.194] [exthost] [warning] ms-vscode.cpptools - Code actions of kind 'quickfix 'requested but returned code action does not have a 'kind'. Code action will be dropped. Please set 'CodeAction.kind'.
[2020-04-10 21:13:35.244] [exthost] [warning] ms-vscode.cpptools - Code actions of kind 'quickfix 'requested but returned code action does not have a 'kind'. Code action will be dropped. Please set 'CodeAction.kind'.
[2020-04-10 21:13:35.247] [exthost] [warning] ms-vscode.cpptools - Code actions of kind 'quickfix 'requested but returned code action does not have a 'kind'. Code action will be dropped. Please set 'CodeAction.kind'.
[2020-04-10 21:25:18.204] [exthost] [warning] ms-vscode.cpptools - Code actions of kind 'quickfix 'requested but returned code action does not have a 'kind'. Code action will be dropped. Please set 'CodeAction.kind'.
[2020-04-10 21:25:18.205] [exthost] [warning] ms-vscode.cpptools - Code actions of kind 'quickfix 'requested but returned code action does not have a 'kind'. Code action will be dropped. Please set 'CodeAction.kind'.
[2020-04-10 21:25:18.479] [exthost] [warning] ms-vscode.cpptools - Code actions of kind 'quickfix 'requested but returned code action does not have a 'kind'. Code action will be dropped. Please set 'CodeAction.kind'.
[2020-04-10 21:25:30.439] [exthost] [warning] ms-vscode.cpptools - Code actions of kind 'quickfix 'requested but returned code action does not have a 'kind'. Code action will be dropped. Please set 'CodeAction.kind'.
[2020-04-10 21:25:54.823] [exthost] [warning] ms-vscode.cpptools - Code actions of kind 'quickfix 'requested but returned code action does not have a 'kind'. Code action will be dropped. Please set 'CodeAction.kind'.
[2020-04-10 21:26:06.570] [exthost] [warning] ms-vscode.cpptools - Code actions of kind 'quickfix 'requested but returned code action does not have a 'kind'. Code action will be dropped. Please set 'CodeAction.kind'.
[2020-04-10 21:28:28.282] [exthost] [warning] ms-vscode.cpptools - Code actions of kind 'quickfix 'requested but returned code action does not have a 'kind'. Code action will be dropped. Please set 'CodeAction.kind'.
[2020-04-10 21:28:28.290] [exthost] [warning] ms-vscode.cpptools - Code actions of kind 'quickfix 'requested but returned code action does not have a 'kind'. Code action will be dropped. Please set 'CodeAction.kind'.
[2020-04-10 21:33:11.813] [exthost] [warning] ms-vscode.cpptools - Code actions of kind 'quickfix 'requested but returned code action does not have a 'kind'. Code action will be dropped. Please set 'CodeAction.kind'.
[2020-04-10 21:34:54.040] [exthost] [error] [ms-vscode.cpptools] provider FAILED
[2020-04-10 21:34:54.041] [exthost] [error] Error: DisposableStore is missing...
	at U._convertCompletionItem (/home/hrishi/.vscode-server/bin/2aae1f26c72891c399f860409176fe435a154b13/out/vs/server/remoteExtensionHostProcess.js:658:986)
	at /home/hrishi/.vscode-server/bin/2aae1f26c72891c399f860409176fe435a154b13/out/vs/server/remoteExtensionHostProcess.js:658:764
	at runNextTicks (internal/process/task_queues.js:55:5)
	at processImmediate (internal/timers.js:412:9)
[2020-04-10 21:34:54.043] [exthost] [error] [ms-vscode.cpptools] provider FAILED
[2020-04-10 21:34:54.043] [exthost] [error] Error: DisposableStore is missing...
	at U._convertCompletionItem (/home/hrishi/.vscode-server/bin/2aae1f26c72891c399f860409176fe435a154b13/out/vs/server/remoteExtensionHostProcess.js:658:986)
	at /home/hrishi/.vscode-server/bin/2aae1f26c72891c399f860409176fe435a154b13/out/vs/server/remoteExtensionHostProcess.js:658:764
	at runNextTicks (internal/process/task_queues.js:55:5)
	at processImmediate (internal/timers.js:412:9)
[2020-04-10 21:34:54.044] [exthost] [error] [ms-vscode.cpptools] provider FAILED
[2020-04-10 21:34:54.044] [exthost] [error] Error: DisposableStore is missing...
	at U._convertCompletionItem (/home/hrishi/.vscode-server/bin/2aae1f26c72891c399f860409176fe435a154b13/out/vs/server/remoteExtensionHostProcess.js:658:986)
	at /home/hrishi/.vscode-server/bin/2aae1f26c72891c399f860409176fe435a154b13/out/vs/server/remoteExtensionHostProcess.js:658:764
	at runNextTicks (internal/process/task_queues.js:55:5)
	at processImmediate (internal/timers.js:412:9)
[2020-04-10 21:34:54.045] [exthost] [error] [ms-vscode.cpptools] provider FAILED
[2020-04-10 21:34:54.045] [exthost] [error] Error: DisposableStore is missing...
	at U._convertCompletionItem (/home/hrishi/.vscode-server/bin/2aae1f26c72891c399f860409176fe435a154b13/out/vs/server/remoteExtensionHostProcess.js:658:986)
	at /home/hrishi/.vscode-server/bin/2aae1f26c72891c399f860409176fe435a154b13/out/vs/server/remoteExtensionHostProcess.js:658:764
[2020-04-10 22:22:15.414] [exthost] [warning] ms-vscode.cpptools - Code actions of kind 'quickfix 'requested but returned code action does not have a 'kind'. Code action will be dropped. Please set 'CodeAction.kind'.
[2020-04-10 22:23:36.902] [exthost] [error] [ms-vscode.cpptools] provider FAILED
[2020-04-10 22:23:36.903] [exthost] [error] Error: DisposableStore is missing...
	at U._convertCompletionItem (/home/hrishi/.vscode-server/bin/2aae1f26c72891c399f860409176fe435a154b13/out/vs/server/remoteExtensionHostProcess.js:658:986)
	at /home/hrishi/.vscode-server/bin/2aae1f26c72891c399f860409176fe435a154b13/out/vs/server/remoteExtensionHostProcess.js:658:764
[2020-04-10 22:23:42.077] [exthost] [error] [ms-vscode.cpptools] provider FAILED
[2020-04-10 22:23:42.077] [exthost] [error] Error: DisposableStore is missing...
	at U._convertCompletionItem (/home/hrishi/.vscode-server/bin/2aae1f26c72891c399f860409176fe435a154b13/out/vs/server/remoteExtensionHostProcess.js:658:986)
	at /home/hrishi/.vscode-server/bin/2aae1f26c72891c399f860409176fe435a154b13/out/vs/server/remoteExtensionHostProcess.js:658:764
[2020-04-10 22:23:51.111] [exthost] [error] [ms-vscode.cpptools] provider FAILED
[2020-04-10 22:23:51.111] [exthost] [error] Error: DisposableStore is missing...
	at U._convertCompletionItem (/home/hrishi/.vscode-server/bin/2aae1f26c72891c399f860409176fe435a154b13/out/vs/server/remoteExtensionHostProcess.js:658:986)
	at /home/hrishi/.vscode-server/bin/2aae1f26c72891c399f860409176fe435a154b13/out/vs/server/remoteExtensionHostProcess.js:658:764
[2020-04-10 22:29:18.288] [exthost] [warning] ms-vscode.cpptools - Code actions of kind 'quickfix 'requested but returned code action does not have a 'kind'. Code action will be dropped. Please set 'CodeAction.kind'.
[2020-04-10 22:31:42.183] [exthost] [warning] ms-vscode.cpptools - Code actions of kind 'quickfix 'requested but returned code action does not have a 'kind'. Code action will be dropped. Please set 'CodeAction.kind'.
[2020-04-10 22:34:09.113] [exthost] [warning] ms-vscode.cpptools - Code actions of kind 'quickfix 'requested but returned code action does not have a 'kind'. Code action will be dropped. Please set 'CodeAction.kind'.
[2020-04-10 22:34:09.128] [exthost] [warning] ms-vscode.cpptools - Code actions of kind 'quickfix 'requested but returned code action does not have a 'kind'. Code action will be dropped. Please set 'CodeAction.kind'.
[2020-04-10 22:34:25.168] [exthost] [warning] ms-vscode.cpptools - Code actions of kind 'quickfix 'requested but returned code action does not have a 'kind'. Code action will be dropped. Please set 'CodeAction.kind'.
[2020-04-10 22:34:46.625] [exthost] [warning] ms-vscode.cpptools - Code actions of kind 'quickfix 'requested but returned code action does not have a 'kind'. Code action will be dropped. Please set 'CodeAction.kind'.
[2020-04-10 22:35:09.149] [exthost] [warning] ms-vscode.cpptools - Code actions of kind 'quickfix 'requested but returned code action does not have a 'kind'. Code action will be dropped. Please set 'CodeAction.kind'.
[2020-04-10 22:35:09.167] [exthost] [warning] ms-vscode.cpptools - Code actions of kind 'quickfix 'requested but returned code action does not have a 'kind'. Code action will be dropped. Please set 'CodeAction.kind'.
[2020-04-10 22:36:19.621] [exthost] [info] ExtensionService#_doActivateExtension vscode.typescript-language-features {"startup":false,"extensionId":{"value":"vscode.typescript-language-features","_lower":"vscode.typescript-language-features"},"activationEvent":"onLanguage:jsonc"}
[2020-04-10 22:36:19.624] [exthost] [info] ExtensionService#loadCommonJSModule file:///home/hrishi/.vscode-server/bin/2aae1f26c72891c399f860409176fe435a154b13/extensions/typescript-language-features/dist/extension
[2020-04-10 22:36:59.563] [exthost] [warning] ms-vscode.cpptools - Code actions of kind 'quickfix 'requested but returned code action does not have a 'kind'. Code action will be dropped. Please set 'CodeAction.kind'.
[2020-04-10 22:36:59.564] [exthost] [warning] ms-vscode.cpptools - Code actions of kind 'quickfix 'requested but returned code action does not have a 'kind'. Code action will be dropped. Please set 'CodeAction.kind'.
[2020-04-10 22:38:29.039] [exthost] [warning] ms-vscode.cpptools - Code actions of kind 'quickfix 'requested but returned code action does not have a 'kind'. Code action will be dropped. Please set 'CodeAction.kind'.
[2020-04-10 22:38:29.062] [exthost] [warning] ms-vscode.cpptools - Code actions of kind 'quickfix 'requested but returned code action does not have a 'kind'. Code action will be dropped. Please set 'CodeAction.kind'.
[2020-04-10 22:38:29.947] [exthost] [warning] ms-vscode.cpptools - Code actions of kind 'quickfix 'requested but returned code action does not have a 'kind'. Code action will be dropped. Please set 'CodeAction.kind'.
[2020-04-10 22:41:45.290] [exthost] [warning] ms-vscode.cpptools - Code actions of kind 'quickfix 'requested but returned code action does not have a 'kind'. Code action will be dropped. Please set 'CodeAction.kind'.
[2020-04-10 22:42:22.624] [exthost] [warning] ms-vscode.cpptools - Code actions of kind 'quickfix 'requested but returned code action does not have a 'kind'. Code action will be dropped. Please set 'CodeAction.kind'.
[2020-04-10 22:42:32.901] [exthost] [warning] ms-vscode.cpptools - Code actions of kind 'quickfix 'requested but returned code action does not have a 'kind'. Code action will be dropped. Please set 'CodeAction.kind'.
[2020-04-10 22:42:34.009] [exthost] [warning] ms-vscode.cpptools - Code actions of kind 'quickfix 'requested but returned code action does not have a 'kind'. Code action will be dropped. Please set 'CodeAction.kind'.
[2020-04-10 22:42:41.899] [exthost] [warning] ms-vscode.cpptools - Code actions of kind 'quickfix 'requested but returned code action does not have a 'kind'. Code action will be dropped. Please set 'CodeAction.kind'.
[2020-04-10 22:42:57.373] [exthost] [warning] ms-vscode.cpptools - Code actions of kind 'quickfix 'requested but returned code action does not have a 'kind'. Code action will be dropped. Please set 'CodeAction.kind'.
[2020-04-10 22:44:00.683] [exthost] [error] [ms-vscode.cpptools] provider FAILED
[2020-04-10 22:44:00.684] [exthost] [error] Error: DisposableStore is missing...
	at U._convertCompletionItem (/home/hrishi/.vscode-server/bin/2aae1f26c72891c399f860409176fe435a154b13/out/vs/server/remoteExtensionHostProcess.js:658:986)
	at /home/hrishi/.vscode-server/bin/2aae1f26c72891c399f860409176fe435a154b13/out/vs/server/remoteExtensionHostProcess.js:658:764
[2020-04-10 22:44:19.903] [exthost] [error] [ms-vscode.cpptools] provider FAILED
[2020-04-10 22:44:19.904] [exthost] [error] Error: DisposableStore is missing...
	at U._convertCompletionItem (/home/hrishi/.vscode-server/bin/2aae1f26c72891c399f860409176fe435a154b13/out/vs/server/remoteExtensionHostProcess.js:658:986)
	at /home/hrishi/.vscode-server/bin/2aae1f26c72891c399f860409176fe435a154b13/out/vs/server/remoteExtensionHostProcess.js:658:764
[2020-04-10 22:44:19.906] [exthost] [error] [ms-vscode.cpptools] provider FAILED
[2020-04-10 22:44:19.906] [exthost] [error] Error: DisposableStore is missing...
	at U._convertCompletionItem (/home/hrishi/.vscode-server/bin/2aae1f26c72891c399f860409176fe435a154b13/out/vs/server/remoteExtensionHostProcess.js:658:986)
	at /home/hrishi/.vscode-server/bin/2aae1f26c72891c399f860409176fe435a154b13/out/vs/server/remoteExtensionHostProcess.js:658:764
	at runNextTicks (internal/process/task_queues.js:55:5)
	at processImmediate (internal/timers.js:412:9)
[2020-04-10 22:44:19.908] [exthost] [error] [ms-vscode.cpptools] provider FAILED
[2020-04-10 22:44:19.909] [exthost] [error] Error: DisposableStore is missing...
	at U._convertCompletionItem (/home/hrishi/.vscode-server/bin/2aae1f26c72891c399f860409176fe435a154b13/out/vs/server/remoteExtensionHostProcess.js:658:986)
	at /home/hrishi/.vscode-server/bin/2aae1f26c72891c399f860409176fe435a154b13/out/vs/server/remoteExtensionHostProcess.js:658:764
	at runNextTicks (internal/process/task_queues.js:55:5)
	at processImmediate (internal/timers.js:412:9)
[2020-04-10 22:44:19.911] [exthost] [error] [ms-vscode.cpptools] provider FAILED
[2020-04-10 22:44:19.911] [exthost] [error] Error: DisposableStore is missing...
	at U._convertCompletionItem (/home/hrishi/.vscode-server/bin/2aae1f26c72891c399f860409176fe435a154b13/out/vs/server/remoteExtensionHostProcess.js:658:986)
	at /home/hrishi/.vscode-server/bin/2aae1f26c72891c399f860409176fe435a154b13/out/vs/server/remoteExtensionHostProcess.js:658:764
[2020-04-10 22:49:29.186] [exthost] [warning] ms-vscode.cpptools - Code actions of kind 'quickfix 'requested but returned code action does not have a 'kind'. Code action will be dropped. Please set 'CodeAction.kind'.
